Build started 30/12/2018 00:15:22.
     1>Project "C:\Users\TareQ\Desktop\3d model\3d model\3d model\3d model.vcxproj" on node 2 (Build target(s)).
     1>ClCompile:
         C:\Program Files (x86)\Microsoft Visual Studio 14.0\VC\bin\CL.exe /c /I"C:\Users\TareQ\Desktop\3d model\3d model\3d model\lib\glfw-3.2.1.bin.WIN32\include" /ZI /nologo /W3 /WX- /sdl /Od /Oy- /D _MBCS /Gm /EHsc /RTC1 /MDd /GS /fp:precise /Zc:wchar_t /Zc:forScope /Zc:inline /Fo"Debug\\" /Fd"Debug\vc140.pdb" /Gd /TC /analyze- /errorReport:prompt glad.c
         glad.c
         C:\Program Files (x86)\Microsoft Visual Studio 14.0\VC\bin\CL.exe /c /I"C:\Users\TareQ\Desktop\3d model\3d model\3d model\lib\glfw-3.2.1.bin.WIN32\include" /ZI /nologo /W3 /WX- /sdl /Od /Oy- /D _MBCS /Gm /EHsc /RTC1 /MDd /GS /fp:precise /Zc:wchar_t /Zc:forScope /Zc:inline /Fo"Debug\\" /Fd"Debug\vc140.pdb" /Gd /TP /analyze- /errorReport:prompt Source.cpp stb_image.cpp
         stb_image.cpp
         Source.cpp
     1>c:\users\tareq\desktop\3d model\3d model\3d model\source.cpp(246): warning C4244: 'initializing': conversion from 'double' to 'float', possible loss of data
     1>c:\users\tareq\desktop\3d model\3d model\3d model\source.cpp(316): warning C4305: '+=': truncation from 'double' to 'float'
     1>c:\users\tareq\desktop\3d model\3d model\3d model\source.cpp(326): warning C4305: '-=': truncation from 'double' to 'float'
     1>c:\users\tareq\desktop\3d model\3d model\3d model\source.cpp(328): warning C4244: '=': conversion from 'double' to 'float', possible loss of data
     1>c:\users\tareq\desktop\3d model\3d model\3d model\source.cpp(330): warning C4244: '=': conversion from 'double' to 'float', possible loss of data
     1>c:\users\tareq\desktop\3d model\3d model\3d model\source.cpp(457): warning C4244: '=': conversion from 'double' to 'float', possible loss of data
     1>c:\users\tareq\desktop\3d model\3d model\3d model\source.cpp(458): warning C4244: '=': conversion from 'double' to 'float', possible loss of data
     1>c:\users\tareq\desktop\3d model\3d model\3d model\source.cpp(462): warning C4244: 'initializing': conversion from 'double' to 'float', possible loss of data
     1>c:\users\tareq\desktop\3d model\3d model\3d model\source.cpp(463): warning C4244: 'initializing': conversion from 'double' to 'float', possible loss of data
     1>c:\users\tareq\desktop\3d model\3d model\3d model\source.cpp(465): warning C4244: '=': conversion from 'double' to 'float', possible loss of data
     1>c:\users\tareq\desktop\3d model\3d model\3d model\source.cpp(466): warning C4244: '=': conversion from 'double' to 'float', possible loss of data
     1>c:\users\tareq\desktop\3d model\3d model\3d model\source.cpp(475): warning C4244: 'argument': conversion from 'double' to 'float', possible loss of data
         Generating Code...
       Link:
         C:\Program Files (x86)\Microsoft Visual Studio 14.0\VC\bin\link.exe /ERRORREPORT:PROMPT /OUT:"C:\Users\TareQ\Desktop\3d model\3d model\Debug\3d model.exe" /INCREMENTAL /NOLOGO /LIBPATH:"C:\Users\TareQ\Desktop\3d model\3d model\3d model\lib\glfw-3.2.1.bin.WIN32\lib-vc2015" glfw3.lib opengl32.lib assimp.lib kernel32.lib user32.lib gdi32.lib winspool.lib comdlg32.lib advapi32.lib shell32.lib ole32.lib oleaut32.lib uuid.lib odbc32.lib odbccp32.lib /MANIFEST /MANIFESTUAC:"level='asInvoker' uiAccess='false'" /manifest:embed /Debug /PDB:"C:\Users\TareQ\Desktop\3d model\3d model\Debug\3d model.pdb" /TLBID:1 /DYNAMICBASE /NXCOMPAT /IMPLIB:"C:\Users\TareQ\Desktop\3d model\3d model\Debug\3d model.lib" /MACHINE:X86 Debug\glad.obj
         Debug\Source.obj
         Debug\stb_image.obj
     1>LINK : warning LNK4098: defaultlib 'MSVCRT' conflicts with use of other libs; use /NODEFAULTLIB:library
         3d model.vcxproj -> C:\Users\TareQ\Desktop\3d model\3d model\Debug\3d model.exe
     1>Done Building Project "C:\Users\TareQ\Desktop\3d model\3d model\3d model\3d model.vcxproj" (Build target(s)).

Build succeeded.

Time Elapsed 00:00:11.97
